0 info it worked if it ends with ok
1 verbose cli [ '/usr/bin/node', '/usr/bin/npm', 'install', '-g', 'git' ]
2 info using npm@1.4.28
3 info using node@v0.10.40
4 verbose cache add [ 'git', null ]
5 verbose cache add name=undefined spec="git" args=["git",null]
6 verbose parsed url { protocol: null,
6 verbose parsed url   slashes: null,
6 verbose parsed url   auth: null,
6 verbose parsed url   host: null,
6 verbose parsed url   port: null,
6 verbose parsed url   hostname: null,
6 verbose parsed url   hash: null,
6 verbose parsed url   search: null,
6 verbose parsed url   query: null,
6 verbose parsed url   pathname: 'git',
6 verbose parsed url   path: 'git',
6 verbose parsed url   href: 'git' }
7 silly lockFile 46f1a0bd-git git
8 verbose lock git /home/ad.marakovits.net/zack/.npm/46f1a0bd-git.lock
9 silly lockFile 46f1a0bd-git git
10 silly lockFile 46f1a0bd-git git
11 verbose addNamed [ 'git', '' ]
12 verbose addNamed [ null, '*' ]
13 silly lockFile c6f8daad-git git@
14 verbose lock git@ /home/ad.marakovits.net/zack/.npm/c6f8daad-git.lock
15 silly addNameRange { name: 'git', range: '*', hasData: false }
16 verbose request where is /git
17 verbose request registry https://registry.npmjs.org/
18 verbose request id 31938633cf9acf02
19 verbose url raw /git
20 verbose url resolving [ 'https://registry.npmjs.org/', './git' ]
21 verbose url resolved https://registry.npmjs.org/git
22 verbose request where is https://registry.npmjs.org/git
23 info trying registry request attempt 1 at 10:50:44
24 verbose etag "4GLEAZF3H901KY4S1DBRSHP68"
25 http GET https://registry.npmjs.org/git
26 http 304 https://registry.npmjs.org/git
27 silly registry.get cb [ 304,
27 silly registry.get   { date: 'Mon, 09 Nov 2015 15:50:44 GMT',
27 silly registry.get     via: '1.1 varnish',
27 silly registry.get     'cache-control': 'max-age=60',
27 silly registry.get     etag: '"4GLEAZF3H901KY4S1DBRSHP68"',
27 silly registry.get     age: '18',
27 silly registry.get     connection: 'keep-alive',
27 silly registry.get     'x-served-by': 'cache-iad2122-IAD',
27 silly registry.get     'x-cache': 'HIT',
27 silly registry.get     'x-cache-hits': '1',
27 silly registry.get     'x-timer': 'S1447084244.194498,VS0,VE0',
27 silly registry.get     vary: 'Accept' } ]
28 verbose etag https://registry.npmjs.org/git from cache
29 silly addNameRange number 2 { name: 'git', range: '*', hasData: true }
30 silly addNameRange versions [ 'git',
30 silly addNameRange   [ '0.1.0', '0.1.1', '0.1.2', '0.1.3', '0.1.4', '0.1.5' ] ]
31 verbose addNamed [ 'git', '0.1.5' ]
32 verbose addNamed [ '0.1.5', '0.1.5' ]
33 silly lockFile c881c5ba-git-0-1-5 git@0.1.5
34 verbose lock git@0.1.5 /home/ad.marakovits.net/zack/.npm/c881c5ba-git-0-1-5.lock
35 silly lockFile c881c5ba-git-0-1-5 git@0.1.5
36 silly lockFile c881c5ba-git-0-1-5 git@0.1.5
37 silly lockFile c6f8daad-git git@
38 silly lockFile c6f8daad-git git@
39 silly resolved [ { name: 'git',
39 silly resolved     description: 'A node.js library for git',
39 silly resolved     version: '0.1.5',
39 silly resolved     author: { name: 'Christian Amor Kvalheim', email: 'christkv@gmail.com' },
39 silly resolved     contributors: [ [Object] ],
39 silly resolved     repository: { type: 'git', url: 'git@github.com:christkv/node-git.git' },
39 silly resolved     bugs: { url: 'http://groups.google.com/group/nodegit' },
39 silly resolved     main: './lib/git/index',
39 silly resolved     directories: { lib: './lib/git' },
39 silly resolved     engines: { node: '>=0.4.0' },
39 silly resolved     dependencies: { mime: '1.2.9' },
39 silly resolved     devDependencies: { nodeunit: '>=0.5.1' },
39 silly resolved     licenses: [ [Object] ],
39 silly resolved     scripts: { test: 'nodeunit test' },
39 silly resolved     readme: '[![build status](https://secure.travis-ci.org/christkv/node-git.png)](http://travis-ci.org/christkv/node-git)\n\n# Introduction\n\nThis is a library for Git written in Node.js. It\'s as close a port of grit http://github.com/mojombo/grit.\n\nThe idea is to allow for manipulation of git repositories by the node.js application. Not everything is\nimplemented directly in node-git. Some of the stuff is using the native git command line instead of\ndirect javascript code. Also it\'s fairly synchronous right now but that will hopefully change a little\nby little over time as it gets more stable and I start using it in real life scenarios.\n\n## Github information\n\nThe source code is available at http://github.com/christkv/node-git.\nYou can either clone the repository or download a tarball of the latest release.\n\nOnce you have the source you can test the driver by running\n\n\t$ make test\n\nOn windows:\n\n\tPS > node.exe .\\node_modules\\nodeunit\\bin\\nodeunit .\\test\n\t\n## Examples\n\nFor simple examples of usage look at the tests included in the repository.\n\n## Notes\n\nThe current version is basic git support, don\'t expect everything to work as you expect it\noff the bat.\n\n## License\n\n\tCopyright 2009 - 2010 Christian Amor Kvalheim.\n\n\t  Licensed under the Apache License, Version 2.0 (the "License");\n\t  you may not use this file except in compliance with the License.\n\t  You may obtain a copy of the License at\n\n\t      http://www.apache.org/licenses/LICENSE-2.0\n\n\t  Unless required by applicable law or agreed to in writing, software\n\t  distributed under the License is distributed on an "AS IS" BASIS,\n\t  WITHOUT WARRANTIES OR CONDITIONS OF ANY KIND, either express or implied.\n\t  See the License for the specific language governing permissions and\n\t  limitations under the License.\n',
39 silly resolved     readmeFilename: 'README.md',
39 silly resolved     _id: 'git@0.1.5',
39 silly resolved     dist:
39 silly resolved      { shasum: '9ef62df93f851c27542143bf52d1c68b1017ca15',
39 silly resolved        tarball: 'http://registry.npmjs.org/git/-/git-0.1.5.tgz' },
39 silly resolved     _from: 'git@',
39 silly resolved     _npmVersion: '1.2.23',
39 silly resolved     _npmUser: { name: 'christkv', email: 'christkv@gmail.com' },
39 silly resolved     maintainers: [ [Object] ],
39 silly resolved     _shasum: '9ef62df93f851c27542143bf52d1c68b1017ca15',
39 silly resolved     _resolved: 'https://registry.npmjs.org/git/-/git-0.1.5.tgz',
39 silly resolved     homepage: 'https://github.com/christkv/node-git' } ]
40 info install git@0.1.5 into /usr/lib
41 info installOne git@0.1.5
42 verbose lib/node_modules/git unbuild
43 verbose tar unpack /home/ad.marakovits.net/zack/.npm/git/0.1.5/package.tgz
44 silly lockFile 7d408e4a-tar-usr-lib-node-modules-git tar:///usr/lib/node_modules/git
45 verbose lock tar:///usr/lib/node_modules/git /home/ad.marakovits.net/zack/.npm/7d408e4a-tar-usr-lib-node-modules-git.lock
46 silly lockFile dba6aa2c-t-zack-npm-git-0-1-5-package-tgz tar:///home/ad.marakovits.net/zack/.npm/git/0.1.5/package.tgz
47 verbose lock tar:///home/ad.marakovits.net/zack/.npm/git/0.1.5/package.tgz /home/ad.marakovits.net/zack/.npm/dba6aa2c-t-zack-npm-git-0-1-5-package-tgz.lock
48 silly gunzTarPerm modes [ '755', '644' ]
49 error Error: EACCES, mkdir '/usr/lib/node_modules/git'
49 error  { [Error: EACCES, mkdir '/usr/lib/node_modules/git']
49 error   errno: 3,
49 error   code: 'EACCES',
49 error   path: '/usr/lib/node_modules/git',
49 error   fstream_type: 'Directory',
49 error   fstream_path: '/usr/lib/node_modules/git',
49 error   fstream_class: 'DirWriter',
49 error   fstream_stack:
49 error    [ '/usr/lib/node_modules/npm/node_modules/fstream/lib/dir-writer.js:36:23',
49 error      '/usr/lib/node_modules/npm/node_modules/mkdirp/index.js:46:53',
49 error      'Object.oncomplete (fs.js:108:15)' ] }
50 error Please try running this command again as root/Administrator.
51 error System Linux 3.10.0-229.20.1.el7.x86_64
52 error command "/usr/bin/node" "/usr/bin/npm" "install" "-g" "git"
53 error cwd /home/ad.marakovits.net/zack/node-postgres-capping
54 error node -v v0.10.40
55 error npm -v 1.4.28
56 error path /usr/lib/node_modules/git
57 error fstream_path /usr/lib/node_modules/git
58 error fstream_type Directory
59 error fstream_class DirWriter
60 error code EACCES
61 error errno 3
62 error stack Error: EACCES, mkdir '/usr/lib/node_modules/git'
63 error fstream_stack /usr/lib/node_modules/npm/node_modules/fstream/lib/dir-writer.js:36:23
63 error fstream_stack /usr/lib/node_modules/npm/node_modules/mkdirp/index.js:46:53
63 error fstream_stack Object.oncomplete (fs.js:108:15)
64 verbose exit [ 3, true ]
